<?xml version="1.0" encoding="UTF-8"?>
<testng-results skipped="0" failed="0" total="1" passed="1">
  <reporter-output>
  </reporter-output>
  <suite name="Suite" duration-ms="56738" started-at="2020-02-28T11:47:15Z" finished-at="2020-02-28T11:48:12Z">
    <groups>
    </groups>
    <test name="Test" duration-ms="56738" started-at="2020-02-28T11:47:15Z" finished-at="2020-02-28T11:48:12Z">
      <class name="seleniumprojectone.TC_01">
        <test-method status="PASS" signature="Test()[pri:0, instance:seleniumprojectone.TC_01@c038203]" name="Test" duration-ms="55084" started-at="2020-02-28T17:17:17Z" finished-at="2020-02-28T17:18:12Z">
          <reporter-output>
          </reporter-output>
        </test-method> <!-- Test -->
      </class> <!-- seleniumprojectone.TC_01 -->
    </test> <!-- Test -->
  </suite> <!-- Suite -->
</testng-results>
